<?xml version="1.0" encoding="UTF-8"?>
<!-- Generated by org.testng.reporters.JUnitReportReporter -->
<testsuite hostname="Anu-PC" name="gittrial.AppTest" tests="1" failures="0" timestamp="28 Aug 2016 06:06:01 GMT" time="0.012" errors="0">
  <testcase name="trial" time="0.012" classname="gittrial.AppTest"/>
</testsuite> <!-- gittrial.AppTest -->
